Copyright 1986-2019 Xilinx, Inc. All Rights Reserved.
-----------------------------------------------------------------------------------------------------
| Tool Version : Vivado v.2019.1 (lin64) Build 2552052 Fri May 24 14:47:09 MDT 2019
| Date         : Sat May 25 00:41:16 2019
| Host         : xcosswbld07 running 64-bit Red Hat Enterprise Linux Workstation release 7.2 (Maipo)
| Command      : report_control_sets -verbose -file zed_wrapper_control_sets_placed.rpt
| Design       : zed_wrapper
| Device       : xc7z020
-----------------------------------------------------------------------------------------------------

Control Set Information

Table of Contents
-----------------
1. Summary
2. Histogram
3. Flip-Flop Distribution
4. Detailed Control Set Information

1. Summary
----------

+----------------------------------------------------------+-------+
|                          Status                          | Count |
+----------------------------------------------------------+-------+
| Total control sets                                       |    54 |
|    Minimum number of control sets                        |    54 |
|    Addition due to synthesis replication                 |     0 |
|    Addition due to physical synthesis replication        |     0 |
| Unused register locations in slices containing registers |   135 |
+----------------------------------------------------------+-------+
* Control sets can be merged at opt_design using control_set_merge or merge_equivalent_drivers
** Run report_qor_suggestions for automated merging and remapping suggestions


2. Histogram
------------

+--------------------+-------+
|       Fanout       | Count |
+--------------------+-------+
| Total control sets |    54 |
| >= 0 to < 4        |     1 |
| >= 4 to < 6        |    18 |
| >= 6 to < 8        |     2 |
| >= 8 to < 10       |     6 |
| >= 10 to < 12      |     1 |
| >= 12 to < 14      |     6 |
| >= 14 to < 16      |     3 |
| >= 16              |    17 |
+--------------------+-------+
* Control sets can be remapped at either synth_design or opt_design


3. Flip-Flop Distribution
-------------------------

+--------------+-----------------------+------------------------+-----------------+--------------+
| Clock Enable | Synchronous Set/Reset | Asynchronous Set/Reset | Total Registers | Total Slices |
+--------------+-----------------------+------------------------+-----------------+--------------+
| No           | No                    | No                     |             216 |           65 |
| No           | No                    | Yes                    |               0 |            0 |
| No           | Yes                   | No                     |             137 |           47 |
| Yes          | No                    | No                     |             454 |          102 |
| Yes          | No                    | Yes                    |               0 |            0 |
| Yes          | Yes                   | No                     |             130 |           37 |
+--------------+-----------------------+------------------------+-----------------+--------------+


4. Detailed Control Set Information
-----------------------------------

+--------------------------------------------+-----------------------------------------------------------------------------------------------------------------------------------------------------------+--------------------------------------------------------------------------------------------------------------------------------------------------+------------------+----------------+
|                Clock Signal                |                                                                       Enable Signal                                                                       |                                                                 Set/Reset Signal                                                                 | Slice Load Count | Bel Load Count |
+--------------------------------------------+-----------------------------------------------------------------------------------------------------------------------------------------------------------+--------------------------------------------------------------------------------------------------------------------------------------------------+------------------+----------------+
|  zed_i/processing_system7_1/inst/FCLK_CLK0 | zed_i/ps7_1_axi_periph/s00_couplers/auto_pc/inst/gen_axilite.gen_b2s_conv.axilite_b2s/WR.b_channel_0/bid_fifo_0/bresp_push                                |                                                                                                                                                  |                1 |              2 |
|  zed_i/processing_system7_1/inst/FCLK_CLK0 | zed_i/btns_5bits/U0/AXI_LITE_IPIF_I/I_SLAVE_ATTACHMENT/bus2ip_addr_i[8]_i_1_n_0                                                                           | zed_i/btns_5bits/U0/AXI_LITE_IPIF_I/I_SLAVE_ATTACHMENT/SR[0]                                                                                     |                1 |              4 |
|  zed_i/processing_system7_1/inst/FCLK_CLK0 | zed_i/leds_8bits/U0/AXI_LITE_IPIF_I/I_SLAVE_ATTACHMENT/start2                                                                                             | zed_i/leds_8bits/U0/AXI_LITE_IPIF_I/I_SLAVE_ATTACHMENT/I_DECODER/cs_ce_clr                                                                       |                1 |              4 |
|  zed_i/processing_system7_1/inst/FCLK_CLK0 | zed_i/sws_8bits/U0/AXI_LITE_IPIF_I/I_SLAVE_ATTACHMENT/start2                                                                                              | zed_i/sws_8bits/U0/AXI_LITE_IPIF_I/I_SLAVE_ATTACHMENT/I_DECODER/cs_ce_clr                                                                        |                2 |              4 |
|  zed_i/processing_system7_1/inst/FCLK_CLK0 | zed_i/leds_8bits/U0/AXI_LITE_IPIF_I/I_SLAVE_ATTACHMENT/bus2ip_addr_i[8]_i_1_n_0                                                                           | zed_i/leds_8bits/U0/AXI_LITE_IPIF_I/I_SLAVE_ATTACHMENT/SR[0]                                                                                     |                1 |              4 |
|  zed_i/processing_system7_1/inst/FCLK_CLK0 | zed_i/btns_5bits/U0/AXI_LITE_IPIF_I/I_SLAVE_ATTACHMENT/start2                                                                                             | zed_i/btns_5bits/U0/AXI_LITE_IPIF_I/I_SLAVE_ATTACHMENT/I_DECODER/cs_ce_clr                                                                       |                1 |              4 |
|  zed_i/processing_system7_1/inst/FCLK_CLK0 | zed_i/sws_8bits/U0/AXI_LITE_IPIF_I/I_SLAVE_ATTACHMENT/bus2ip_addr_i[8]_i_1_n_0                                                                            | zed_i/sws_8bits/U0/AXI_LITE_IPIF_I/I_SLAVE_ATTACHMENT/SR[0]                                                                                      |                1 |              4 |
|  zed_i/processing_system7_1/inst/FCLK_CLK0 |                                                                                                                                                           | zed_i/ps7_1_axi_periph/s00_couplers/auto_pc/inst/gen_axilite.gen_b2s_conv.axilite_b2s/SI_REG/aw.aw_pipe/aresetn_d_reg[0]_0                       |                1 |              4 |
|  zed_i/processing_system7_1/inst/FCLK_CLK0 |                                                                                                                                                           | zed_i/ps7_1_axi_periph/s00_couplers/auto_pc/inst/gen_axilite.gen_b2s_conv.axilite_b2s/SI_REG/ar.ar_pipe/aresetn_d_reg[1]_inv_0                   |                2 |              4 |
|  zed_i/processing_system7_1/inst/FCLK_CLK0 |                                                                                                                                                           | zed_i/leds_8bits/U0/AXI_LITE_IPIF_I/I_SLAVE_ATTACHMENT/clear                                                                                     |                2 |              4 |
|  zed_i/processing_system7_1/inst/FCLK_CLK0 |                                                                                                                                                           | zed_i/rst_ps7_1_100M/U0/EXT_LPF/lpf_int                                                                                                          |                2 |              4 |
|  zed_i/processing_system7_1/inst/FCLK_CLK0 |                                                                                                                                                           | zed_i/sws_8bits/U0/AXI_LITE_IPIF_I/I_SLAVE_ATTACHMENT/clear                                                                                      |                1 |              4 |
|  zed_i/processing_system7_1/inst/FCLK_CLK0 |                                                                                                                                                           | zed_i/btns_5bits/U0/AXI_LITE_IPIF_I/I_SLAVE_ATTACHMENT/clear                                                                                     |                1 |              4 |
|  zed_i/processing_system7_1/inst/FCLK_CLK0 |                                                                                                                                                           | zed_i/btns_5bits/U0/AXI_LITE_IPIF_I/I_SLAVE_ATTACHMENT/I_DECODER/bus2ip_rnw_i_reg_0                                                              |                2 |              5 |
|  zed_i/processing_system7_1/inst/FCLK_CLK0 | zed_i/ps7_1_axi_periph/s00_couplers/auto_pc/inst/gen_axilite.gen_b2s_conv.axilite_b2s/RD.r_channel_0/transaction_fifo_0/E[0]                              | zed_i/ps7_1_axi_periph/s00_couplers/auto_pc/inst/gen_axilite.gen_b2s_conv.axilite_b2s/areset_d1                                                  |                2 |              5 |
|  zed_i/processing_system7_1/inst/FCLK_CLK0 | zed_i/ps7_1_axi_periph/s00_couplers/auto_pc/inst/gen_axilite.gen_b2s_conv.axilite_b2s/RD.r_channel_0/transaction_fifo_0/cnt_read[4]_i_1__0_n_0            | zed_i/ps7_1_axi_periph/s00_couplers/auto_pc/inst/gen_axilite.gen_b2s_conv.axilite_b2s/areset_d1                                                  |                2 |              5 |
|  zed_i/processing_system7_1/inst/FCLK_CLK0 | zed_i/ps7_1_axi_periph/s00_couplers/auto_pc/inst/gen_axilite.gen_b2s_conv.axilite_b2s/WR.aw_channel_0/aw_cmd_fsm_0/m_valid_i_reg_0                        | zed_i/ps7_1_axi_periph/s00_couplers/auto_pc/inst/gen_axilite.gen_b2s_conv.axilite_b2s/WR.aw_channel_0/aw_cmd_fsm_0/m_valid_i_reg                 |                2 |              5 |
|  zed_i/processing_system7_1/inst/FCLK_CLK0 | zed_i/ps7_1_axi_periph/s00_couplers/auto_pc/inst/gen_axilite.gen_b2s_conv.axilite_b2s/RD.ar_channel_0/ar_cmd_fsm_0/m_axi_arready_0                        | zed_i/ps7_1_axi_periph/s00_couplers/auto_pc/inst/gen_axilite.gen_b2s_conv.axilite_b2s/RD.ar_channel_0/ar_cmd_fsm_0/FSM_sequential_state_reg[1]_0 |                2 |              5 |
|  zed_i/processing_system7_1/inst/FCLK_CLK0 | zed_i/btns_5bits/U0/AXI_LITE_IPIF_I/I_SLAVE_ATTACHMENT/I_DECODER/bus2ip_rnw_i_reg[0]                                                                      | zed_i/btns_5bits/U0/AXI_LITE_IPIF_I/I_SLAVE_ATTACHMENT/SR[0]                                                                                     |                1 |              5 |
|  zed_i/processing_system7_1/inst/FCLK_CLK0 | zed_i/btns_5bits/U0/AXI_LITE_IPIF_I/I_SLAVE_ATTACHMENT/s_axi_rresp_i                                                                                      | zed_i/btns_5bits/U0/AXI_LITE_IPIF_I/I_SLAVE_ATTACHMENT/SR[0]                                                                                     |                1 |              6 |
|  zed_i/processing_system7_1/inst/FCLK_CLK0 | zed_i/rst_ps7_1_100M/U0/SEQ/seq_cnt_en                                                                                                                    | zed_i/rst_ps7_1_100M/U0/SEQ/SEQ_COUNTER/clear                                                                                                    |                1 |              6 |
|  zed_i/processing_system7_1/inst/FCLK_CLK0 | zed_i/sws_8bits/U0/AXI_LITE_IPIF_I/I_SLAVE_ATTACHMENT/I_DECODER/bus2ip_rnw_i_reg[0]                                                                       | zed_i/sws_8bits/U0/AXI_LITE_IPIF_I/I_SLAVE_ATTACHMENT/SR[0]                                                                                      |                3 |              8 |
|  zed_i/processing_system7_1/inst/FCLK_CLK0 |                                                                                                                                                           | zed_i/leds_8bits/U0/gpio_core_1/Read_Reg_Rst__0                                                                                                  |                1 |              8 |
|  zed_i/processing_system7_1/inst/FCLK_CLK0 |                                                                                                                                                           | zed_i/sws_8bits/U0/AXI_LITE_IPIF_I/I_SLAVE_ATTACHMENT/I_DECODER/bus2ip_rnw_i_reg_0                                                               |                2 |              8 |
|  zed_i/processing_system7_1/inst/FCLK_CLK0 | zed_i/ps7_1_axi_periph/s00_couplers/auto_pc/inst/gen_axilite.gen_b2s_conv.axilite_b2s/WR.b_channel_0/mhandshake_r                                         | zed_i/ps7_1_axi_periph/s00_couplers/auto_pc/inst/gen_axilite.gen_b2s_conv.axilite_b2s/WR.b_channel_0/bid_fifo_0/SR[0]                            |                3 |              8 |
|  zed_i/processing_system7_1/inst/FCLK_CLK0 | zed_i/leds_8bits/U0/AXI_LITE_IPIF_I/I_SLAVE_ATTACHMENT/s_axi_rresp_i                                                                                      | zed_i/leds_8bits/U0/AXI_LITE_IPIF_I/I_SLAVE_ATTACHMENT/SR[0]                                                                                     |                2 |              9 |
|  zed_i/processing_system7_1/inst/FCLK_CLK0 | zed_i/sws_8bits/U0/AXI_LITE_IPIF_I/I_SLAVE_ATTACHMENT/s_axi_rresp_i                                                                                       | zed_i/sws_8bits/U0/AXI_LITE_IPIF_I/I_SLAVE_ATTACHMENT/SR[0]                                                                                      |                2 |              9 |
|  zed_i/processing_system7_1/inst/FCLK_CLK0 |                                                                                                                                                           | zed_i/ps7_1_axi_periph/s00_couplers/auto_pc/inst/gen_axilite.gen_b2s_conv.axilite_b2s/areset_d1                                                  |                4 |             10 |
|  zed_i/processing_system7_1/inst/FCLK_CLK0 | zed_i/ps7_1_axi_periph/s00_couplers/auto_pc/inst/gen_axilite.gen_b2s_conv.axilite_b2s/WR.aw_channel_0/aw_cmd_fsm_0/E[0]                                   |                                                                                                                                                  |                4 |             12 |
|  zed_i/processing_system7_1/inst/FCLK_CLK0 | zed_i/ps7_1_axi_periph/s00_couplers/auto_pc/inst/gen_axilite.gen_b2s_conv.axilite_b2s/WR.aw_channel_0/cmd_translator_0/incr_cmd_0/axaddr_incr[11]_i_1_n_0 |                                                                                                                                                  |                2 |             12 |
|  zed_i/processing_system7_1/inst/FCLK_CLK0 | zed_i/ps7_1_axi_periph/s00_couplers/auto_pc/inst/gen_axilite.gen_b2s_conv.axilite_b2s/RD.ar_channel_0/ar_cmd_fsm_0/sel_first_reg[0]                       |                                                                                                                                                  |                2 |             12 |
|  zed_i/processing_system7_1/inst/FCLK_CLK0 | zed_i/ps7_1_axi_periph/s00_couplers/auto_pc/inst/gen_axilite.gen_b2s_conv.axilite_b2s/RD.ar_channel_0/ar_cmd_fsm_0/E[0]                                   |                                                                                                                                                  |                6 |             12 |
|  zed_i/processing_system7_1/inst/FCLK_CLK0 |                                                                                                                                                           | zed_i/ps7_1_axi_periph/xbar/inst/gen_sasd.crossbar_sasd_0/addr_arbiter_inst/SR[0]                                                                |                5 |             13 |
|  zed_i/processing_system7_1/inst/FCLK_CLK0 | zed_i/ps7_1_axi_periph/s00_couplers/auto_pc/inst/gen_axilite.gen_b2s_conv.axilite_b2s/RD.r_channel_0/r_push_r                                             |                                                                                                                                                  |                4 |             13 |
|  zed_i/processing_system7_1/inst/FCLK_CLK0 | zed_i/ps7_1_axi_periph/s00_couplers/auto_pc/inst/gen_axilite.gen_b2s_conv.axilite_b2s/SI_REG/b.b_pipe/p_1_in                                              |                                                                                                                                                  |                2 |             14 |
|  zed_i/processing_system7_1/inst/FCLK_CLK0 | zed_i/ps7_1_axi_periph/s00_couplers/auto_pc/inst/gen_axilite.gen_b2s_conv.axilite_b2s/SI_REG/b.b_pipe/s_ready_i_reg_0                                     |                                                                                                                                                  |                2 |             14 |
|  zed_i/processing_system7_1/inst/FCLK_CLK0 | zed_i/ps7_1_axi_periph/xbar/inst/gen_sasd.crossbar_sasd_0/reg_slice_r/aa_rready                                                                           |                                                                                                                                                  |                8 |             15 |
|  zed_i/processing_system7_1/inst/FCLK_CLK0 | zed_i/leds_8bits/U0/AXI_LITE_IPIF_I/I_SLAVE_ATTACHMENT/I_DECODER/E[0]                                                                                     | zed_i/leds_8bits/U0/AXI_LITE_IPIF_I/I_SLAVE_ATTACHMENT/SR[0]                                                                                     |                3 |             16 |
|  zed_i/processing_system7_1/inst/FCLK_CLK0 | zed_i/ps7_1_axi_periph/s00_couplers/auto_pc/inst/gen_axilite.gen_b2s_conv.axilite_b2s/WR.aw_channel_0/aw_cmd_fsm_0/b_push                                 |                                                                                                                                                  |                3 |             16 |
|  zed_i/processing_system7_1/inst/FCLK_CLK0 | zed_i/ps7_1_axi_periph/xbar/inst/gen_sasd.crossbar_sasd_0/addr_arbiter_inst/p_0_in1_in                                                                    | zed_i/ps7_1_axi_periph/xbar/inst/gen_sasd.crossbar_sasd_0/addr_arbiter_inst/SR[0]                                                                |                6 |             19 |
|  zed_i/processing_system7_1/inst/FCLK_CLK0 | zed_i/ps7_1_axi_periph/s00_couplers/auto_pc/inst/gen_axilite.gen_b2s_conv.axilite_b2s/RD.ar_channel_0/ar_cmd_fsm_0/m_axi_arready_0                        |                                                                                                                                                  |                8 |             21 |
|  zed_i/processing_system7_1/inst/FCLK_CLK0 |                                                                                                                                                           | zed_i/btns_5bits/U0/AXI_LITE_IPIF_I/I_SLAVE_ATTACHMENT/SR[0]                                                                                     |                7 |             21 |
|  zed_i/processing_system7_1/inst/FCLK_CLK0 | zed_i/ps7_1_axi_periph/s00_couplers/auto_pc/inst/gen_axilite.gen_b2s_conv.axilite_b2s/WR.aw_channel_0/aw_cmd_fsm_0/m_valid_i_reg_0                        |                                                                                                                                                  |                8 |             21 |
|  zed_i/processing_system7_1/inst/FCLK_CLK0 |                                                                                                                                                           | zed_i/leds_8bits/U0/AXI_LITE_IPIF_I/I_SLAVE_ATTACHMENT/SR[0]                                                                                     |               10 |             24 |
|  zed_i/processing_system7_1/inst/FCLK_CLK0 |                                                                                                                                                           | zed_i/sws_8bits/U0/AXI_LITE_IPIF_I/I_SLAVE_ATTACHMENT/SR[0]                                                                                      |                7 |             24 |
|  zed_i/processing_system7_1/inst/FCLK_CLK0 | zed_i/ps7_1_axi_periph/s00_couplers/auto_pc/inst/gen_axilite.gen_b2s_conv.axilite_b2s/RD.r_channel_0/rd_data_fifo_0/wr_en0                                |                                                                                                                                                  |                9 |             34 |
|  zed_i/processing_system7_1/inst/FCLK_CLK0 | zed_i/ps7_1_axi_periph/xbar/inst/gen_sasd.crossbar_sasd_0/addr_arbiter_inst/E[0]                                                                          |                                                                                                                                                  |                7 |             35 |
|  zed_i/processing_system7_1/inst/FCLK_CLK0 | zed_i/ps7_1_axi_periph/s00_couplers/auto_pc/inst/gen_axilite.gen_b2s_conv.axilite_b2s/SI_REG/r.r_pipe/p_1_in                                              |                                                                                                                                                  |                8 |             47 |
|  zed_i/processing_system7_1/inst/FCLK_CLK0 | zed_i/ps7_1_axi_periph/s00_couplers/auto_pc/inst/gen_axilite.gen_b2s_conv.axilite_b2s/SI_REG/r.r_pipe/s_ready_i_reg_0                                     |                                                                                                                                                  |                8 |             47 |
|  zed_i/processing_system7_1/inst/FCLK_CLK0 | zed_i/ps7_1_axi_periph/s00_couplers/auto_pc/inst/gen_axilite.gen_b2s_conv.axilite_b2s/SI_REG/ar.ar_pipe/s_ready_i_reg_0                                   |                                                                                                                                                  |               11 |             48 |
|  zed_i/processing_system7_1/inst/FCLK_CLK0 | zed_i/ps7_1_axi_periph/s00_couplers/auto_pc/inst/gen_axilite.gen_b2s_conv.axilite_b2s/WR.aw_channel_0/aw_cmd_fsm_0/m_valid_i_reg_1[0]                     |                                                                                                                                                  |                8 |             48 |
|  zed_i/processing_system7_1/inst/FCLK_CLK0 | zed_i/ps7_1_axi_periph/s00_couplers/auto_pc/inst/gen_axilite.gen_b2s_conv.axilite_b2s/SI_REG/aw.aw_pipe/s_ready_i_reg_0                                   |                                                                                                                                                  |                8 |             48 |
|  zed_i/processing_system7_1/inst/FCLK_CLK0 | zed_i/ps7_1_axi_periph/s00_couplers/auto_pc/inst/gen_axilite.gen_b2s_conv.axilite_b2s/RD.ar_channel_0/ar_cmd_fsm_0/FSM_sequential_state_reg[1]_1[0]       |                                                                                                                                                  |               10 |             48 |
|  zed_i/processing_system7_1/inst/FCLK_CLK0 |                                                                                                                                                           |                                                                                                                                                  |               66 |            217 |
+--------------------------------------------+-----------------------------------------------------------------------------------------------------------------------------------------------------------+--------------------------------------------------------------------------------------------------------------------------------------------------+------------------+----------------+


